mode: set
gitlab.com/vk-golang/lectures/03_net1/99_hw/coverage/client.go:69.80,73.19 2 1
gitlab.com/vk-golang/lectures/03_net1/99_hw/coverage/client.go:73.19,75.3 1 1
gitlab.com/vk-golang/lectures/03_net1/99_hw/coverage/client.go:76.2,76.20 1 1
gitlab.com/vk-golang/lectures/03_net1/99_hw/coverage/client.go:76.20,78.3 1 1
gitlab.com/vk-golang/lectures/03_net1/99_hw/coverage/client.go:79.2,79.20 1 1
gitlab.com/vk-golang/lectures/03_net1/99_hw/coverage/client.go:79.20,81.3 1 1
gitlab.com/vk-golang/lectures/03_net1/99_hw/coverage/client.go:84.2,96.16 10 1
gitlab.com/vk-golang/lectures/03_net1/99_hw/coverage/client.go:96.16,97.54 1 1
gitlab.com/vk-golang/lectures/03_net1/99_hw/coverage/client.go:97.54,99.4 1 1
gitlab.com/vk-golang/lectures/03_net1/99_hw/coverage/client.go:100.3,100.50 1 1
gitlab.com/vk-golang/lectures/03_net1/99_hw/coverage/client.go:102.2,105.25 3 1
gitlab.com/vk-golang/lectures/03_net1/99_hw/coverage/client.go:106.31,107.44 1 1
gitlab.com/vk-golang/lectures/03_net1/99_hw/coverage/client.go:108.38,109.53 1 1
gitlab.com/vk-golang/lectures/03_net1/99_hw/coverage/client.go:110.29,113.17 3 1
gitlab.com/vk-golang/lectures/03_net1/99_hw/coverage/client.go:113.17,115.4 1 1
gitlab.com/vk-golang/lectures/03_net1/99_hw/coverage/client.go:116.3,116.42 1 1
gitlab.com/vk-golang/lectures/03_net1/99_hw/coverage/client.go:116.42,118.4 1 1
gitlab.com/vk-golang/lectures/03_net1/99_hw/coverage/client.go:119.3,119.73 1 1
gitlab.com/vk-golang/lectures/03_net1/99_hw/coverage/client.go:122.2,124.16 3 1
gitlab.com/vk-golang/lectures/03_net1/99_hw/coverage/client.go:124.16,126.3 1 1
gitlab.com/vk-golang/lectures/03_net1/99_hw/coverage/client.go:128.2,129.28 2 1
gitlab.com/vk-golang/lectures/03_net1/99_hw/coverage/client.go:129.28,132.3 2 1
gitlab.com/vk-golang/lectures/03_net1/99_hw/coverage/client.go:132.8,134.3 1 1
gitlab.com/vk-golang/lectures/03_net1/99_hw/coverage/client.go:136.2,136.21 1 1
gitlab.com/vk-golang/lectures/03_net1/99_hw/coverage/server.go:35.59,37.21 2 1
gitlab.com/vk-golang/lectures/03_net1/99_hw/coverage/server.go:37.21,40.3 2 1
gitlab.com/vk-golang/lectures/03_net1/99_hw/coverage/server.go:42.2,42.31 1 1
gitlab.com/vk-golang/lectures/03_net1/99_hw/coverage/server.go:42.31,45.3 2 1
gitlab.com/vk-golang/lectures/03_net1/99_hw/coverage/server.go:47.2,49.21 3 1
gitlab.com/vk-golang/lectures/03_net1/99_hw/coverage/server.go:49.21,52.3 2 1
gitlab.com/vk-golang/lectures/03_net1/99_hw/coverage/server.go:54.2,62.16 7 1
gitlab.com/vk-golang/lectures/03_net1/99_hw/coverage/server.go:62.16,65.3 2 0
gitlab.com/vk-golang/lectures/03_net1/99_hw/coverage/server.go:66.2,67.16 2 1
gitlab.com/vk-golang/lectures/03_net1/99_hw/coverage/server.go:67.16,69.3 1 0
gitlab.com/vk-golang/lectures/03_net1/99_hw/coverage/server.go:72.62,74.38 2 1
gitlab.com/vk-golang/lectures/03_net1/99_hw/coverage/server.go:74.38,76.3 1 1
gitlab.com/vk-golang/lectures/03_net1/99_hw/coverage/server.go:77.2,77.11 1 1
gitlab.com/vk-golang/lectures/03_net1/99_hw/coverage/server.go:80.76,85.49 4 1
gitlab.com/vk-golang/lectures/03_net1/99_hw/coverage/server.go:85.49,87.3 1 1
gitlab.com/vk-golang/lectures/03_net1/99_hw/coverage/server.go:89.2,92.57 4 1
gitlab.com/vk-golang/lectures/03_net1/99_hw/coverage/server.go:92.57,94.3 1 1
gitlab.com/vk-golang/lectures/03_net1/99_hw/coverage/server.go:96.2,97.32 2 1
gitlab.com/vk-golang/lectures/03_net1/99_hw/coverage/server.go:97.32,99.3 1 1
gitlab.com/vk-golang/lectures/03_net1/99_hw/coverage/server.go:101.2,102.33 2 1
gitlab.com/vk-golang/lectures/03_net1/99_hw/coverage/server.go:102.33,104.3 1 1
gitlab.com/vk-golang/lectures/03_net1/99_hw/coverage/server.go:106.2,106.11 1 1
gitlab.com/vk-golang/lectures/03_net1/99_hw/coverage/server.go:109.62,110.17 1 1
gitlab.com/vk-golang/lectures/03_net1/99_hw/coverage/server.go:110.17,112.3 1 1
gitlab.com/vk-golang/lectures/03_net1/99_hw/coverage/server.go:113.2,114.25 2 1
gitlab.com/vk-golang/lectures/03_net1/99_hw/coverage/server.go:114.25,115.74 1 1
gitlab.com/vk-golang/lectures/03_net1/99_hw/coverage/server.go:115.74,117.4 1 1
gitlab.com/vk-golang/lectures/03_net1/99_hw/coverage/server.go:119.2,119.21 1 1
gitlab.com/vk-golang/lectures/03_net1/99_hw/coverage/server.go:122.76,123.18 1 1
gitlab.com/vk-golang/lectures/03_net1/99_hw/coverage/server.go:123.18,125.3 1 1
gitlab.com/vk-golang/lectures/03_net1/99_hw/coverage/server.go:126.2,126.30 1 1
gitlab.com/vk-golang/lectures/03_net1/99_hw/coverage/server.go:126.30,127.21 1 1
gitlab.com/vk-golang/lectures/03_net1/99_hw/coverage/server.go:128.14,129.53 1 1
gitlab.com/vk-golang/lectures/03_net1/99_hw/coverage/server.go:130.13,131.51 1 1
gitlab.com/vk-golang/lectures/03_net1/99_hw/coverage/server.go:132.15,133.15 1 1
gitlab.com/vk-golang/lectures/03_net1/99_hw/coverage/server.go:134.11,135.15 1 1
gitlab.com/vk-golang/lectures/03_net1/99_hw/coverage/server.go:136.11,137.55 1 1
gitlab.com/vk-golang/lectures/03_net1/99_hw/coverage/server.go:140.2,141.13 2 1
gitlab.com/vk-golang/lectures/03_net1/99_hw/coverage/server.go:144.74,145.24 1 1
gitlab.com/vk-golang/lectures/03_net1/99_hw/coverage/server.go:145.24,147.3 1 1
gitlab.com/vk-golang/lectures/03_net1/99_hw/coverage/server.go:148.2,150.23 2 1
gitlab.com/vk-golang/lectures/03_net1/99_hw/coverage/server.go:150.23,152.3 1 1
gitlab.com/vk-golang/lectures/03_net1/99_hw/coverage/server.go:153.2,153.21 1 1
gitlab.com/vk-golang/lectures/03_net1/99_hw/coverage/server.go:160.53,161.27 1 1
gitlab.com/vk-golang/lectures/03_net1/99_hw/coverage/server.go:161.27,163.3 1 1
gitlab.com/vk-golang/lectures/03_net1/99_hw/coverage/server.go:164.2,164.14 1 1
gitlab.com/vk-golang/lectures/03_net1/99_hw/coverage/server.go:167.46,168.22 1 1
gitlab.com/vk-golang/lectures/03_net1/99_hw/coverage/server.go:168.22,169.13 1 1
gitlab.com/vk-golang/lectures/03_net1/99_hw/coverage/server.go:169.13,171.4 1 1
gitlab.com/vk-golang/lectures/03_net1/99_hw/coverage/server.go:173.2,173.14 1 1
gitlab.com/vk-golang/lectures/03_net1/99_hw/coverage/server.go:176.31,178.16 2 1
gitlab.com/vk-golang/lectures/03_net1/99_hw/coverage/server.go:178.16,180.3 1 1
gitlab.com/vk-golang/lectures/03_net1/99_hw/coverage/server.go:181.2,182.16 2 1
gitlab.com/vk-golang/lectures/03_net1/99_hw/coverage/server.go:182.16,184.3 1 1
gitlab.com/vk-golang/lectures/03_net1/99_hw/coverage/server.go:185.2,185.45 1 1
gitlab.com/vk-golang/lectures/03_net1/99_hw/coverage/server.go:185.45,187.3 1 1
gitlab.com/vk-golang/lectures/03_net1/99_hw/coverage/server.go:188.2,188.12 1 1
